#
# There is insufficient memory for the Java Runtime Environment to continue.
# Native memory allocation (mmap) failed to map 266338304 bytes for Failed to commit area from 0x0000000702800000 to 0x0000000712600000 of length 266338304.
# Possible reasons:
#   The system is out of physical RAM or swap space
#   The process is running with CompressedOops enabled, and the Java Heap may be blocking the growth of the native heap
# Possible solutions:
#   Reduce memory load on the system
#   Increase physical memory or swap space
#   Check if swap backing store is full
#   Decrease Java heap size (-Xmx/-Xms)
#   Decrease number of Java threads
#   Decrease Java thread stack sizes (-Xss)
#   Set larger code cache with -XX:ReservedCodeCacheSize=
# This output file may be truncated or incomplete.
#
#  Out of Memory Error (./src/hotspot/os/windows/os_windows.cpp:3303), pid=15104, tid=1100
#
# JRE version:  (11.0.7+10) (build )
# Java VM: OpenJDK 64-Bit Server VM (11.0.7+10-b765.53, mixed mode, sharing, tiered, compressed oops, g1 gc, windows-amd64)
# No core dump will be written. Minidumps are not enabled by default on client versions of Windows
#

---------------  S U M M A R Y ------------

Command Line: org.jetbrains.git4idea.http.GitAskPassApp Username for 'https://github.com': 

Host: Intel(R) Core(TM) i7-10510U CPU @ 1.80GHz, 8 cores, 15G,  Windows 10 , 64 bit Build 19041 (10.0.19041.1023)
Time: Fri Jul 23 00:08:06 2021 中国标准时间 elapsed time: 0 seconds (0d 0h 0m 0s)

---------------  T H R E A D  ---------------

Current thread (0x000001b3b4e40800):  JavaThread "Unknown thread" [_thread_in_vm, id=1100, stack(0x00000075bcb00000,0x00000075bcc00000)]

Stack: [0x00000075bcb00000,0x00000075bcc00000]
Native frames: (J=compiled Java code, j=interpreted, Vv=VM code, C=native code)
V  [jvm.dll+0x5dda4a]
V  [jvm.dll+0x711595]
V  [jvm.dll+0x712aed]
V  [jvm.dll+0x7131a3]
V  [jvm.dll+0x23e368]
V  [jvm.dll+0x5daf04]
V  [jvm.dll+0x5d0085]
V  [jvm.dll+0x2fb0cb]
V  [jvm.dll+0x2fb03a]
V  [jvm.dll+0x2faf12]
V  [jvm.dll+0x2ffdf6]
V  [jvm.dll+0x348393]
V  [jvm.dll+0x348a96]
V  [jvm.dll+0x348493]
V  [jvm.dll+0x2d59e8]
V  [jvm.dll+0x2d6b87]
V  [jvm.dll+0x6f04e7]
V  [jvm.dll+0x6f1cdc]
V  [jvm.dll+0x355909]
V  [jvm.dll+0x6d42ae]
V  [jvm.dll+0x3bda13]
V  [jvm.dll+0x3bfc51]
C  [jli.dll+0x5363]
C  [ucrtbase.dll+0x21bb2]
C  [KERNEL32.DLL+0x17034]
C  [ntdll.dll+0x52651]


---------------  P R O C E S S  ---------------

Threads class SMR info:
_java_thread_list=0x000001b3b34820f0, length=0, elements={
}

Java Threads: ( => current thread )

Other Threads:
  0x000001b3b4e57000 GCTaskThread "GC Thread#0" [stack: 0x00000075bcc00000,0x00000075bcd00000] [id=20804]
  0x000001b3b4eb4800 ConcurrentGCThread "G1 Main Marker" [stack: 0x00000075bcd00000,0x00000075bce00000] [id=17464]
  0x000001b3b4eb6000 ConcurrentGCThread "G1 Conc#0" [stack: 0x00000075bce00000,0x00000075bcf00000] [id=6292]

[error occurred during error reporting (printing all threads), id 0xc0000005, EXCEPTION_ACCESS_VIOLATION (0xc0000005) at pc=0x00007ffa13f15fc7]

VM state:not at safepoint (not fully initialized)

VM Mutex/Monitor currently owned by a thread:  ([mutex/lock_event])
[0x000001b3b4e3c8c0] Heap_lock - owner thread: 0x000001b3b4e40800

Heap address: 0x0000000702800000, size: 4056 MB, Compressed Oops mode: Non-zero based: 0x0000000702800000
Narrow klass base: 0x0000000000000000, Narrow klass shift: 0

GC Heap History (0 events):
No events

Deoptimization events (0 events):
No events

Classes redefined (0 events):
No events

Internal exceptions (0 events):
No events

Events (2 events):
Event: 0.013 Loaded shared library D:\SoftWare\IntelliJ IDEA 2020.1.2\jbr\bin\zip.dll
Event: 0.013 Loaded shared library D:\SoftWare\IntelliJ IDEA 2020.1.2\jbr\bin\jimage.dll


Dynamic libraries:
0x00007ff719c60000 - 0x00007ff719c6a000 	D:\SoftWare\IntelliJ IDEA 2020.1.2\jbr\bin\java.exe
0x00007ffa66330000 - 0x00007ffa66525000 	C:\WINDOWS\SYSTEM32\ntdll.dll
0x00007ffa65180000 - 0x00007ffa6523d000 	C:\WINDOWS\System32\KERNEL32.DLL
0x00007ffa63b70000 - 0x00007ffa63e38000 	C:\WINDOWS\System32\KERNELBASE.dll
0x00007ffa63a70000 - 0x00007ffa63b70000 	C:\WINDOWS\System32\ucrtbase.dll
0x00007ffa2d5e0000 - 0x00007ffa2d5f9000 	D:\SoftWare\IntelliJ IDEA 2020.1.2\jbr\bin\jli.dll
0x00007ffa26960000 - 0x00007ffa26977000 	D:\SoftWare\IntelliJ IDEA 2020.1.2\jbr\bin\VCRUNTIME140.dll
0x00007ffa653c0000 - 0x00007ffa65560000 	C:\WINDOWS\System32\USER32.dll
0x00007ffa64270000 - 0x00007ffa64292000 	C:\WINDOWS\System32\win32u.dll
0x00007ffa644b0000 - 0x00007ffa644da000 	C:\WINDOWS\System32\GDI32.dll
0x00007ffa51c00000 - 0x00007ffa51e9a000 	C:\WINDOWS\WinSxS\amd64_microsoft.windows.common-controls_6595b64144ccf1df_6.0.19041.1052_none_60b8f8fd71f5e8cb\COMCTL32.dll
0x00007ffa64030000 - 0x00007ffa6413b000 	C:\WINDOWS\System32\gdi32full.dll
0x00007ffa65940000 - 0x00007ffa659de000 	C:\WINDOWS\System32\msvcrt.dll
0x00007ffa641d0000 - 0x00007ffa6426d000 	C:\WINDOWS\System32\msvcp_win.dll
0x00007ffa64480000 - 0x00007ffa644b0000 	C:\WINDOWS\System32\IMM32.DLL
0x00007ffa24b50000 - 0x00007ffa24bed000 	D:\SoftWare\IntelliJ IDEA 2020.1.2\jbr\bin\msvcp140.dll
0x00007ffa13c30000 - 0x00007ffa146eb000 	D:\SoftWare\IntelliJ IDEA 2020.1.2\jbr\bin\server\jvm.dll
0x00007ffa66240000 - 0x00007ffa662ec000 	C:\WINDOWS\System32\ADVAPI32.dll
0x00007ffa64980000 - 0x00007ffa64a1b000 	C:\WINDOWS\System32\sechost.dll
0x00007ffa65700000 - 0x00007ffa6582b000 	C:\WINDOWS\System32\RPCRT4.dll
0x00007ffa66180000 - 0x00007ffa66188000 	C:\WINDOWS\System32\PSAPI.DLL
0x00007ffa44f90000 - 0x00007ffa44f99000 	C:\WINDOWS\SYSTEM32\WSOCK32.dll
0x00007ffa57690000 - 0x00007ffa576b7000 	C:\WINDOWS\SYSTEM32\WINMM.dll
0x00007ffa5b820000 - 0x00007ffa5b82a000 	C:\WINDOWS\SYSTEM32\VERSION.dll
0x00007ffa659e0000 - 0x00007ffa65a4b000 	C:\WINDOWS\System32\WS2_32.dll
0x00007ffa62390000 - 0x00007ffa623a2000 	C:\WINDOWS\SYSTEM32\kernel.appcore.dll
0x00007ffa2d630000 - 0x00007ffa2d641000 	D:\SoftWare\IntelliJ IDEA 2020.1.2\jbr\bin\verify.dll
0x00007ffa61990000 - 0x00007ffa61b74000 	C:\WINDOWS\SYSTEM32\DBGHELP.DLL
0x00007ffa4dd80000 - 0x00007ffa4ddac000 	C:\WINDOWS\SYSTEM32\dbgcore.DLL
0x00007ffa63e40000 - 0x00007ffa63ec3000 	C:\WINDOWS\System32\bcryptPrimitives.dll
0x00007ffa2d600000 - 0x00007ffa2d629000 	D:\SoftWare\IntelliJ IDEA 2020.1.2\jbr\bin\java.dll
0x00007ffa27dd0000 - 0x00007ffa27de8000 	D:\SoftWare\IntelliJ IDEA 2020.1.2\jbr\bin\zip.dll
0x00007ffa4c630000 - 0x00007ffa4c63b000 	D:\SoftWare\IntelliJ IDEA 2020.1.2\jbr\bin\jimage.dll

dbghelp: loaded successfully - version: 4.0.5 - missing functions: none
symbol engine: initialized successfully - sym options: 0x614 - pdb path: .;D:\SoftWare\IntelliJ IDEA 2020.1.2\jbr\bin;C:\WINDOWS\SYSTEM32;C:\WINDOWS\WinSxS\amd64_microsoft.windows.common-controls_6595b64144ccf1df_6.0.19041.1052_none_60b8f8fd71f5e8cb;D:\SoftWare\IntelliJ IDEA 2020.1.2\jbr\bin\server

VM Arguments:
java_command: org.jetbrains.git4idea.http.GitAskPassApp Username for 'https://github.com': 
java_class_path (initial): D:/SoftWare/IntelliJ IDEA 2020.1.2/plugins/git4idea/lib/git4idea-rt.jar;D:/SoftWare/IntelliJ IDEA 2020.1.2/lib/xmlrpc-2.0.1.jar;D:/SoftWare/IntelliJ IDEA 2020.1.2/lib/commons-codec-1.14.jar;D:/SoftWare/IntelliJ IDEA 2020.1.2/lib/util.jar
Launcher Type: SUN_STANDARD

[Global flags]
     intx CICompilerCount                          = 4                                         {product} {ergonomic}
     uint ConcGCThreads                            = 2                                         {product} {ergonomic}
     uint G1ConcRefinementThreads                  = 8                                         {product} {ergonomic}
   size_t G1HeapRegionSize                         = 1048576                                   {product} {ergonomic}
    uintx GCDrainStackTargetSize                   = 64                                        {product} {ergonomic}
   size_t InitialHeapSize                          = 266338304                                 {product} {ergonomic}
   size_t MarkStackSize                            = 4194304                                   {product} {ergonomic}
   size_t MaxHeapSize                              = 4253024256                                {product} {ergonomic}
   size_t MinHeapDeltaBytes                        = 1048576                                   {product} {ergonomic}
    uintx NonNMethodCodeHeapSize                   = 5836300                                {pd product} {ergonomic}
    uintx NonProfiledCodeHeapSize                  = 122910970                              {pd product} {ergonomic}
    uintx ProfiledCodeHeapSize                     = 122910970                              {pd product} {ergonomic}
    uintx ReservedCodeCacheSize                    = 251658240                              {pd product} {ergonomic}
     bool SegmentedCodeCache                       = true                                      {product} {ergonomic}
     bool UseCompressedClassPointers               = true                                 {lp64_product} {ergonomic}
     bool UseCompressedOops                        = true                                 {lp64_product} {ergonomic}
     bool UseG1GC                                  = true                                      {product} {ergonomic}
     bool UseLargePagesIndividualAllocation        = false                                  {pd product} {ergonomic}

Logging:
Log output configuration:
 #0: stdout all=warning uptime,level,tags
 #1: stderr all=off uptime,level,tags

Environment Variables:
JAVA_HOME=C:\Program Files\Java\jdk1.8.0_101
CLASSPATH=.;C:\Program Files\Java\jdk1.8.0_101\lib;C:\Program Files\Java\jdk1.8.0_101\lib\tools.jar
PATH=D:\Git\Git\mingw64\libexec\git-core;D:\Git\Git\mingw64\libexec\git-core;D:\Git\Git\mingw64\bin;D:\Git\Git\usr\bin;C:\Users\zhanghan\bin;C:\Users\zhanghan\oracle\product\12.2.0\dbhome_1\bin;C:\ProgramData\Oracle\Java\javapath;C:\Windows\system32;C:\Windows;C:\Windows\System32\Wbem;C:\Windows\System32\WindowsPowerShell\v1.0;C:\Windows\System32\OpenSSH;C:\Program Files (x86)\NVIDIA Corporation\PhysX\Common;C:\Program Files\NVIDIA Corporation\NVIDIA NvDLISR;C:\Program Files\Java\jdk1.8.0_101\bin;C:\Program Files\nodejs;D:\SoftWare\Node\node_global;C:\WINDOWS\system32;C:\WINDOWS;C:\WINDOWS\System32\Wbem;C:\WINDOWS\System32\WindowsPowerShell\v1.0;C:\WINDOWS\System32\OpenSSH;D:\SoftWare\erl-24.0\bin;D:\SoftWare\RabbitMQ\rabbitmq_server-3.8.17\sbin;D:\SoftWare\Git\cmd;C:\Users\zhanghan\AppData\Local\Microsoft\WindowsApps;C:\Users\zhanghan\AppData\Roaming\npm
USERNAME=zhanghan
DISPLAY=:0.0
OS=Windows_NT
PROCESSOR_IDENTIFIER=Intel64 Family 6 Model 142 Stepping 12, GenuineIntel



---------------  S Y S T E M  ---------------

OS: Windows 10 , 64 bit Build 19041 (10.0.19041.1023)
OS uptime: 13 days 9:41 hours

CPU:total 8 (initial active 8) (4 cores per cpu, 2 threads per core) family 6 model 142 stepping 12, cmov, cx8, fxsr, mmx, sse, sse2, sse3, ssse3, sse4.1, sse4.2, popcnt, avx, avx2, aes, clmul, erms, 3dnowpref, lzcnt, ht, tsc, tscinvbit, bmi1, bmi2, adx, fma

Memory: 4k page, system-wide physical 16216M (3010M free)
TotalPageFile size 31497M (AvailPageFile size 116M)
current process WorkingSet (physical memory assigned to process): 10M, peak: 10M
current process commit charge ("private bytes"): 60M, peak: 314M

vm_info: OpenJDK 64-Bit Server VM (11.0.7+10-b765.53) for windows-amd64 JRE (11.0.7+10-b765.53), built on May 12 2020 04:38:25 by "" with MS VC++ 14.0 (VS2015)

END.
